<?xml version="1.0" encoding="UTF-8"?>
<testsuite xmlns:xsi="http://www.w3.org/2001/XMLSchema-instance" xsi:schemaLocation="https://maven.apache.org/surefire/maven-surefire-plugin/xsd/surefire-test-report.xsd" name="runner.TestRunner" time="98.288" tests="71" errors="0" skipped="0" failures="0">
  <properties>
[...]
</properties>
  <testcase name="Given user is on &quot;https://jupiter.cloud.planittesting.com/#/&quot;" classname="| test | nothappenin |" time="0.001"/>
  <testcase name="And user click login link" classname="| test | nothappenin |" time="0"/>
  <testcase name="And user click login link" classname="| test | nothappenin |" time="0.001"/>
  <testcase name="And user click login link" classname="| test | nothappenin |" time="0"/>
  <testcase name="And user attempts to login by entering  &quot;test&quot;  and  &quot;nothappenin&quot; on a pop up window" classname="| test | nothappenin |" time="0"/>
  <testcase name="And user attempts to login by entering  &quot;test&quot;  and  &quot;nothappenin&quot; on a pop up window" classname="| test | nothappenin |" time="0"/>
  <testcase name="And user attempts to login by entering  &quot;test&quot;  and  &quot;nothappenin&quot; on a pop up window" classname="| test | nothappenin |" time="0"/>
  <testcase name="When user click on login button" classname="| test | nothappenin |" time="0"/>
  <testcase name="When user click on login button" classname="| test | nothappenin |" time="0"/>
  <testcase name="When user click on login button" classname="| test | nothappenin |" time="0"/>
  <testcase name="Then user  should validate the error message &quot;Your login details are incorrect&quot;" classname="| test | nothappenin |" time="0"/>
  <testcase name="Then user  should validate the error message &quot;Your login details are incorrect&quot;" classname="| test | nothappenin |" time="0"/>
  <testcase name="| test | nothappenin |" classname="| test | nothappenin |" time="0"/>
  <testcase name="| test | nothappenin |" classname="| test | nothappenin |" time="0.003"/>
  <testcase name="| test | nothappenin |" classname="| test | nothappenin |" time="0"/>
  <testcase name="Given user is on &quot;https://jupiter2.cloud.planittesting.com/#/&quot;" classname="| test | nothappenin |" time="0"/>
  <testcase name="Given user is on &quot;https://jupiter2.cloud.planittesting.com/#/&quot;" classname="| test | nothappenin |" time="0"/>
  <testcase name="Then user  should validate the error message &quot;You must agree to the terms of service&quot;" classname="| test | nothappenin |" time="0"/>
  <testcase name="And user clicks terms of reference" classname="| test | nothappenin |" time="0"/>
  <testcase name="Given user is on &quot;https://jupiter.cloud.planittesting.com/#/&quot;" classname="| test | letmein |" time="0"/>
  <testcase name="And user click login link" classname="| test | letmein |" time="0"/>
  <testcase name="And user click login link" classname="| test | letmein |" time="0"/>
  <testcase name="And user attempts to login by entering  &quot;test&quot;  and  &quot;letmein&quot; on a pop up window" classname="| test | letmein |" time="0"/>
  <testcase name="And user attempts to login by entering  &quot;test&quot;  and  &quot;letmein&quot; on a pop up window" classname="| test | letmein |" time="0"/>
  <testcase name="When user click on login button" classname="| test | letmein |" time="0"/>
  <testcase name="When user click on login button" classname="| test | letmein |" time="0"/>
  <testcase name="Then user  &quot;test&quot; should be able to confirm login is successful" classname="| test | letmein |" time="0"/>
  <testcase name="And user log out of the application" classname="| test | letmein |" time="0"/>
  <testcase name="And user log out of the application" classname="| test | letmein |" time="0"/>
  <testcase name="| test | letmein |" classname="| test | letmein |" time="0.001"/>
  <testcase name="| test | letmein |" classname="| test | letmein |" time="0"/>
  <testcase name="Given user is on &quot;https://jupiter2.cloud.planittesting.com/#/&quot;" classname="| test | letmein |" time="0"/>
  <testcase name="And user clicks terms of reference" classname="| test | letmein |" time="0"/>
  <testcase name="Then user  &quot;test&quot; should confirm that login is successful" classname="| test | letmein |" time="0"/>
  <testcase name="Given user is on &quot;https://jupiter.cloud.planittesting.com/#/&quot;" classname="| Stuffed Frog | fluffy Bunny | ovie | ovie@gmail.com | 07654323455 | JT1605952047008 |" time="0"/>
  <testcase name="And user click shop link" classname="| Stuffed Frog | fluffy Bunny | ovie | ovie@gmail.com | 07654323455 | JT1605952047008 |" time="0"/>
  <testcase name="Then user is taken to &quot;shop&quot; page" classname="| Stuffed Frog | fluffy Bunny | ovie | ovie@gmail.com | 07654323455 | JT1605952047008 |" time="0"/>
  <testcase name="When user made attempt to shop  by adding &quot;Stuffed Frog&quot; and &quot;fluffy Bunny&quot; to the cart" classname="| Stuffed Frog | fluffy Bunny | ovie | ovie@gmail.com | 07654323455 | JT1605952047008 |" time="0"/>
  <testcase name="Then user confirms correct items are added to the cart" classname="| Stuffed Frog | fluffy Bunny | ovie | ovie@gmail.com | 07654323455 | JT1605952047008 |" time="0"/>
  <testcase name="And user click cart link" classname="| Stuffed Frog | fluffy Bunny | ovie | ovie@gmail.com | 07654323455 | JT1605952047008 |" time="0"/>
  <testcase name="| Stuffed Frog | fluffy Bunny | ovie | ovie@gmail.com | 07654323455 | JT1605952047008 |" classname="| Stuffed Frog | fluffy Bunny | ovie | ovie@gmail.com | 07654323455 | JT1605952047008 |" time="0"/>
  <testcase name="Given user is on &quot;https://jupiter.cloud.planittesting.com/#/&quot;" classname="| smiley bear | SMILEY FACE | ovie | ovie@gmail.com | 07654323455 | JT1605952047008 |" time="0"/>
  <testcase name="And user click shop link" classname="| smiley bear | SMILEY FACE | ovie | ovie@gmail.com | 07654323455 | JT1605952047008 |" time="0"/>
  <testcase name="Then user is taken to &quot;shop&quot; page" classname="| smiley bear | SMILEY FACE | ovie | ovie@gmail.com | 07654323455 | JT1605952047008 |" time="0"/>
  <testcase name="When user made attempt to shop  by adding &quot;smiley bear&quot; and &quot;SMILEY FACE&quot; to the cart" classname="| smiley bear | SMILEY FACE | ovie | ovie@gmail.com | 07654323455 | JT1605952047008 |" time="0"/>
  <testcase name="Then user confirms correct items are added to the cart" classname="| smiley bear | SMILEY FACE | ovie | ovie@gmail.com | 07654323455 | JT1605952047008 |" time="0"/>
  <testcase name="And user click cart link" classname="| smiley bear | SMILEY FACE | ovie | ovie@gmail.com | 07654323455 | JT1605952047008 |" time="0"/>
  <testcase name="| smiley bear | SMILEY FACE | ovie | ovie@gmail.com | 07654323455 | JT1605952047008 |" classname="| smiley bear | SMILEY FACE | ovie | ovie@gmail.com | 07654323455 | JT1605952047008 |" time="0.001"/>
  <testcase name="Given user is on &quot;https://jupiter.cloud.planittesting.com/#/&quot;" classname="| testa | testa@gmail.com | ready |" time="0"/>
  <testcase name="When user clicks on  contact link" classname="| testa | testa@gmail.com | ready |" time="0"/>
  <testcase name="Then user is taken to &quot;contact&quot; page" classname="| testa | testa@gmail.com | ready |" time="0"/>
  <testcase name="And user enters the  mandatory details &quot;testa&quot;,&quot;testa@gmail.com&quot;  and  &quot;ready&quot;" classname="| testa | testa@gmail.com | ready |" time="0"/>
  <testcase name="When user click on submit button" classname="| testa | testa@gmail.com | ready |" time="0"/>
  <testcase name="Then user should be on contact page" classname="| testa | testa@gmail.com | ready |" time="0"/>
  <testcase name="Then user &quot;testa&quot; should validate see successMessage" classname="| testa | testa@gmail.com | ready |" time="0"/>
  <testcase name="| testa | testa@gmail.com | ready |" classname="| testa | testa@gmail.com | ready |" time="0"/>
  <testcase name="Given user is on &quot;https://jupiter.cloud.planittesting.com/#/&quot;" classname="| testab | testab@yahoo.com | please call |" time="0"/>
  <testcase name="When user clicks on  contact link" classname="| testab | testab@yahoo.com | please call |" time="0"/>
  <testcase name="Then user is taken to &quot;contact&quot; page" classname="| testab | testab@yahoo.com | please call |" time="0"/>
  <testcase name="And user enters the  mandatory details &quot;testab&quot;,&quot;testab@yahoo.com&quot;  and  &quot;please call&quot;" classname="| testab | testab@yahoo.com | please call |" time="0"/>
  <testcase name="When user click on submit button" classname="| testab | testab@yahoo.com | please call |" time="0"/>
  <testcase name="Then user should be on contact page" classname="| testab | testab@yahoo.com | please call |" time="0"/>
  <testcase name="Then user &quot;testab&quot; should validate see successMessage" classname="| testab | testab@yahoo.com | please call |" time="0"/>
  <testcase name="| testab | testab@yahoo.com | please call |" classname="| testab | testab@yahoo.com | please call |" time="0"/>
  <testcase name="Given user is on &quot;https://jupiter.cloud.planittesting.com/#/&quot;" classname="Scenario: Validate error messages" time="0"/>
  <testcase name="When user clicks on  contact link" classname="Scenario: Validate error messages" time="0"/>
  <testcase name="Then user is taken to &quot;contact&quot; page" classname="Scenario: Validate error messages" time="0"/>
  <testcase name="And user click on submit button" classname="Scenario: Validate error messages" time="0"/>
  <testcase name="Then user should validate the following error messages  as  &quot;Forename is required&quot;  , &quot;Email is required&quot; and &quot;Message is required&quot;" classname="Scenario: Validate error messages" time="0"/>
  <testcase name="And user also validate the feedback error warning error message &quot;We welcome your feedback - but we won&apos;t get it unless you complete the form correctly.&quot;" classname="Scenario: Validate error messages" time="0"/>
  <testcase name="Scenario: Validate error messages" classname="Scenario: Validate error messages" time="0.001"/>
</testsuite>